#
# There is insufficient memory for the Java Runtime Environment to continue.
# Native memory allocation (mmap) failed to map 264241152 bytes for G1 virtual space
# Possible reasons:
#   The system is out of physical RAM or swap space
#   The process is running with CompressedOops enabled, and the Java Heap may be blocking the growth of the native heap
# Possible solutions:
#   Reduce memory load on the system
#   Increase physical memory or swap space
#   Check if swap backing store is full
#   Decrease Java heap size (-Xmx/-Xms)
#   Decrease number of Java threads
#   Decrease Java thread stack sizes (-Xss)
#   Set larger code cache with -XX:ReservedCodeCacheSize=
#   JVM is running with Zero Based Compressed Oops mode in which the Java heap is
#     placed in the first 32GB address space. The Java Heap base address is the
#     maximum limit for the native heap growth. Please use -XX:HeapBaseMinAddress
#     to set the Java Heap base and to place the Java Heap above 32GB virtual address.
# This output file may be truncated or incomplete.
#
#  Out of Memory Error (os_windows.cpp:3552), pid=11952, tid=65308
#
# JRE version:  (17.0.9+11) (build )
# Java VM: Java HotSpot(TM) 64-Bit Server VM (17.0.9+11-LTS-201, mixed mode, sharing, tiered, compressed oops, compressed class ptrs, g1 gc, windows-amd64)
# No core dump will be written. Minidumps are not enabled by default on client versions of Windows
#

---------------  S U M M A R Y ------------

Command Line: -Dfile.encoding=UTF-8 -Dstdout.encoding=UTF-8 -Dstderr.encoding=UTF-8 -XX:+ShowCodeDetailsInExceptionMessages Windowhandling

Host: 12th Gen Intel(R) Core(TM) i5-1245U, 12 cores, 15G,  Windows 11 , 64 bit Build 22621 (10.0.22621.2506)
Time: Tue Jan 30 13:35:55 2024 India Standard Time elapsed time: 0.039725 seconds (0d 0h 0m 0s)

---------------  T H R E A D  ---------------

Current thread (0x0000025da1c2ca40):  JavaThread "Unknown thread" [_thread_in_vm, id=65308, stack(0x000000d4f5500000,0x000000d4f5600000)]

Stack: [0x000000d4f5500000,0x000000d4f5600000]
Native frames: (J=compiled Java code, j=interpreted, Vv=VM code, C=native code)
V  [jvm.dll+0x678a4a]
V  [jvm.dll+0x7d9cfd]
V  [jvm.dll+0x7db60e]
V  [jvm.dll+0x7dbc73]
V  [jvm.dll+0x245e1f]
V  [jvm.dll+0x6758f9]
V  [jvm.dll+0x66a2a2]
V  [jvm.dll+0x303686]
V  [jvm.dll+0x30ac06]
V  [jvm.dll+0x35a48e]
V  [jvm.dll+0x35a6bf]
V  [jvm.dll+0x2da678]
V  [jvm.dll+0x2db5e4]
V  [jvm.dll+0x7ab6b1]
V  [jvm.dll+0x368041]
V  [jvm.dll+0x78a749]
V  [jvm.dll+0x3ebd4f]
V  [jvm.dll+0x3ed7d1]
C  [jli.dll+0x5297]
C  [ucrtbase.dll+0x29363]
C  [KERNEL32.DLL+0x1257d]
C  [ntdll.dll+0x5aa58]


---------------  P R O C E S S  ---------------

Threads class SMR info:
_java_thread_list=0x00007ffc651489d8, length=0, elements={
}

Java Threads: ( => current thread )

Other Threads:
  0x0000025da1c976b0 GCTaskThread "GC Thread#0" [stack: 0x000000d4f5600000,0x000000d4f5700000] [id=59552]
  0x0000025da1ca9050 ConcurrentGCThread "G1 Main Marker" [stack: 0x000000d4f5700000,0x000000d4f5800000] [id=18116]
  0x0000025da1ca9a60 ConcurrentGCThread "G1 Conc#0" [stack: 0x000000d4f5800000,0x000000d4f5900000] [id=53488]

[error occurred during error reporting (printing all threads), id 0xc0000005, EXCEPTION_ACCESS_VIOLATION (0xc0000005) at pc=0x00007ffc6497b2d7]

VM state: not at safepoint (not fully initialized)

VM Mutex/Monitor currently owned by a thread:  ([mutex/lock_event])
[0x0000025da1c25fe0] Heap_lock - owner thread: 0x0000025da1c2ca40

Heap address: 0x0000000705c00000, size: 4004 MB, Compressed Oops mode: Zero based, Oop shift amount: 3

CDS archive(s) mapped at: [0x0000000000000000-0x0000000000000000-0x0000000000000000), size 0, SharedBaseAddress: 0x0000000800000000, ArchiveRelocationMode: 1.
Narrow klass base: 0x0000000000000000, Narrow klass shift: 0, Narrow klass range: 0x0

GC Precious Log:
<Empty>

Heap:
 garbage-first heap   total 0K, used 0K [0x0000000705c00000, 0x0000000800000000)
  region size 2048K, 0 young (0K), 0 survivors (0K)

[error occurred during error reporting (printing heap information), id 0xc0000005, EXCEPTION_ACCESS_VIOLATION (0xc0000005) at pc=0x00007ffc64d62229]

GC Heap History (0 events):
No events

Deoptimization events (0 events):
No events

Classes unloaded (0 events):
No events

Classes redefined (0 events):
No events

Internal exceptions (0 events):
No events

VM Operations (0 events):
No events

Events (1 events):
Event: 0.031 Loaded shared library C:\Program Files\Java\jdk-17\bin\java.dll


Dynamic libraries:
0x00007ff701020000 - 0x00007ff701030000 	C:\Program Files\Java\jdk-17\bin\javaw.exe
0x00007ffcf6670000 - 0x00007ffcf6887000 	C:\WINDOWS\SYSTEM32\ntdll.dll
0x00007ffcf4e80000 - 0x00007ffcf4f44000 	C:\WINDOWS\System32\KERNEL32.DLL
0x00007ffcf3c60000 - 0x00007ffcf4006000 	C:\WINDOWS\System32\KERNELBASE.dll
0x00007ffcf42a0000 - 0x00007ffcf43b1000 	C:\WINDOWS\System32\ucrtbase.dll
0x00007ffce1a20000 - 0x00007ffce1a39000 	C:\Program Files\Java\jdk-17\bin\jli.dll
0x00007ffcf5320000 - 0x00007ffcf53d3000 	C:\WINDOWS\System32\ADVAPI32.dll
0x00007ffcf6580000 - 0x00007ffcf6627000 	C:\WINDOWS\System32\msvcrt.dll
0x00007ffcf5c70000 - 0x00007ffcf5d18000 	C:\WINDOWS\System32\sechost.dll
0x00007ffcf3a50000 - 0x00007ffcf3a78000 	C:\WINDOWS\System32\bcrypt.dll
0x00007ffcf4850000 - 0x00007ffcf4967000 	C:\WINDOWS\System32\RPCRT4.dll
0x00007ffcf5060000 - 0x00007ffcf520e000 	C:\WINDOWS\System32\USER32.dll
0x00007ffcf4090000 - 0x00007ffcf40b6000 	C:\WINDOWS\System32\win32u.dll
0x00007ffcf5270000 - 0x00007ffcf5299000 	C:\WINDOWS\System32\GDI32.dll
0x00007ffcf4180000 - 0x00007ffcf4298000 	C:\WINDOWS\System32\gdi32full.dll
0x00007ffcf39b0000 - 0x00007ffcf3a4a000 	C:\WINDOWS\System32\msvcp_win.dll
0x00007ffce1eb0000 - 0x00007ffce1ecb000 	C:\Program Files\Java\jdk-17\bin\VCRUNTIME140.dll
0x00007ffcd6c10000 - 0x00007ffcd6ea3000 	C:\WINDOWS\WinSxS\amd64_microsoft.windows.common-controls_6595b64144ccf1df_6.0.22621.2506_none_270c5ae97388e100\COMCTL32.dll
0x00007ffceafa0000 - 0x00007ffceafaa000 	C:\WINDOWS\SYSTEM32\VERSION.dll
0x00007ffcf53e0000 - 0x00007ffcf5411000 	C:\WINDOWS\System32\IMM32.DLL
0x0000025da1320000 - 0x0000025da1334000 	C:\WINDOWS\System32\umppc17213.dll
0x00007ffcf3750000 - 0x00007ffcf3860000 	C:\Program Files\Avecto\Privilege Guard Client\PGHook.dll
0x00007ffce58f0000 - 0x00007ffce58fc000 	C:\Program Files\Java\jdk-17\bin\vcruntime140_1.dll
0x00007ffce0720000 - 0x00007ffce07ae000 	C:\Program Files\Java\jdk-17\bin\msvcp140.dll
0x00007ffc64690000 - 0x00007ffc65271000 	C:\Program Files\Java\jdk-17\bin\server\jvm.dll
0x00007ffcf5b60000 - 0x00007ffcf5b68000 	C:\WINDOWS\System32\PSAPI.DLL
0x00007ffceba30000 - 0x00007ffceba39000 	C:\WINDOWS\SYSTEM32\WSOCK32.dll
0x00007ffcf4bf0000 - 0x00007ffcf4c61000 	C:\WINDOWS\System32\WS2_32.dll
0x00007ffceb870000 - 0x00007ffceb8a4000 	C:\WINDOWS\SYSTEM32\WINMM.dll
0x00007ffcf27e0000 - 0x00007ffcf27f8000 	C:\WINDOWS\SYSTEM32\kernel.appcore.dll
0x00007ffcec4b0000 - 0x00007ffcec4ba000 	C:\Program Files\Java\jdk-17\bin\jimage.dll
0x00007ffcf0d80000 - 0x00007ffcf0fb3000 	C:\WINDOWS\SYSTEM32\DBGHELP.DLL
0x00007ffcf43c0000 - 0x00007ffcf4749000 	C:\WINDOWS\System32\combase.dll
0x00007ffcf5420000 - 0x00007ffcf54f7000 	C:\WINDOWS\System32\OLEAUT32.dll
0x00007ffce2210000 - 0x00007ffce2242000 	C:\WINDOWS\SYSTEM32\dbgcore.DLL
0x00007ffcf4010000 - 0x00007ffcf408a000 	C:\WINDOWS\System32\bcryptPrimitives.dll
0x00007ffce8190000 - 0x00007ffce81b5000 	C:\Program Files\Java\jdk-17\bin\java.dll

dbghelp: loaded successfully - version: 4.0.5 - missing functions: none
symbol engine: initialized successfully - sym options: 0x614 - pdb path: .;C:\Program Files\Java\jdk-17\bin;C:\WINDOWS\SYSTEM32;C:\WINDOWS\WinSxS\amd64_microsoft.windows.common-controls_6595b64144ccf1df_6.0.22621.2506_none_270c5ae97388e100;C:\Program Files\Avecto\Privilege Guard Client;C:\Program Files\Java\jdk-17\bin\server

VM Arguments:
jvm_args: -Dfile.encoding=UTF-8 -Dstdout.encoding=UTF-8 -Dstderr.encoding=UTF-8 -XX:+ShowCodeDetailsInExceptionMessages 
java_command: Windowhandling
java_class_path (initial): C:\Users\sharadsi\eclipse-workspace\Krishna\target\classes;C:\Users\sharadsi\.m2\repository\org\seleniumhq\selenium\selenium-java\4.16.1\selenium-java-4.16.1.jar;C:\Users\sharadsi\.m2\repository\org\seleniumhq\selenium\selenium-api\4.16.1\selenium-api-4.16.1.jar;C:\Users\sharadsi\.m2\repository\org\seleniumhq\selenium\selenium-chrome-driver\4.16.1\selenium-chrome-driver-4.16.1.jar;C:\Users\sharadsi\.m2\repository\com\google\auto\service\auto-service-annotations\1.1.1\auto-service-annotations-1.1.1.jar;C:\Users\sharadsi\.m2\repository\org\seleniumhq\selenium\selenium-chromium-driver\4.16.1\selenium-chromium-driver-4.16.1.jar;C:\Users\sharadsi\.m2\repository\org\seleniumhq\selenium\selenium-json\4.16.1\selenium-json-4.16.1.jar;C:\Users\sharadsi\.m2\repository\org\seleniumhq\selenium\selenium-manager\4.16.1\selenium-manager-4.16.1.jar;C:\Users\sharadsi\.m2\repository\org\seleniumhq\selenium\selenium-devtools-v118\4.16.1\selenium-devtools-v118-4.16.1.jar;C:\Users\sharadsi\.m2\repository\org\seleniumhq\selenium\selenium-devtools-v119\4.16.1\selenium-devtools-v119-4.16.1.jar;C:\Users\sharadsi\.m2\repository\org\seleniumhq\selenium\selenium-devtools-v120\4.16.1\selenium-devtools-v120-4.16.1.jar;C:\Users\sharadsi\.m2\repository\org\seleniumhq\selenium\selenium-devtools-v85\4.16.1\selenium-devtools-v85-4.16.1.jar;C:\Users\sharadsi\.m2\repository\org\seleniumhq\selenium\selenium-edge-driver\4.16.1\selenium-edge-driver-4.16.1.jar;C:\Users\sharadsi\.m2\repository\org\seleniumhq\selenium\selenium-firefox-driver\4.16.1\selenium-firefox-driver-4.16.1.jar;C:\Users\sharadsi\.m2\repository\org\seleniumhq\selenium\selenium-http\4.16.1\selenium-http-4.16.1.jar;C:\Users\sharadsi\.m2\repository\dev\failsafe\failsafe\3.3.2\failsafe-3.3.2.jar;C:\Users\sharadsi\.m2\repository\org\seleniumhq\selenium\selenium-ie-driver\4.16.1\selenium-ie-driver-4.16.1.jar;C:\Users\sharadsi\.m2\repository\org\seleniumhq\selenium\selenium-remote-driver\4.16.1\selenium-remote-driver
Launcher Type: SUN_STANDARD

[Global flags]
     intx CICompilerCount                          = 4                                         {product} {ergonomic}
     uint ConcGCThreads                            = 3                                         {product} {ergonomic}
     uint G1ConcRefinementThreads                  = 10                                        {product} {ergonomic}
   size_t G1HeapRegionSize                         = 2097152                                   {product} {ergonomic}
    uintx GCDrainStackTargetSize                   = 64                                        {product} {ergonomic}
   size_t InitialHeapSize                          = 264241152                                 {product} {ergonomic}
   size_t MarkStackSize                            = 4194304                                   {product} {ergonomic}
   size_t MaxHeapSize                              = 4198498304                                {product} {ergonomic}
   size_t MinHeapDeltaBytes                        = 2097152                                   {product} {ergonomic}
   size_t MinHeapSize                              = 8388608                                   {product} {ergonomic}
    uintx NonNMethodCodeHeapSize                   = 5839372                                {pd product} {ergonomic}
    uintx NonProfiledCodeHeapSize                  = 122909434                              {pd product} {ergonomic}
    uintx ProfiledCodeHeapSize                     = 122909434                              {pd product} {ergonomic}
    uintx ReservedCodeCacheSize                    = 251658240                              {pd product} {ergonomic}
     bool SegmentedCodeCache                       = true                                      {product} {ergonomic}
     bool ShowCodeDetailsInExceptionMessages       = true                                   {manageable} {command line}
   size_t SoftMaxHeapSize                          = 4198498304                             {manageable} {ergonomic}
     bool UseCompressedClassPointers               = true                           {product lp64_product} {ergonomic}
     bool UseCompressedOops                        = true                           {product lp64_product} {ergonomic}
     bool UseG1GC                                  = true                                      {product} {ergonomic}
     bool UseLargePagesIndividualAllocation        = false                                  {pd product} {ergonomic}

Logging:
Log output configuration:
 #0: stdout all=warning uptime,level,tags
 #1: stderr all=off uptime,level,tags

Environment Variables:
PATH=C:/Program Files/Java/jdk-17/bin/server;C:/Program Files/Java/jdk-17/bin;C:\Program Files\Common Files\Oracle\Java\javapath;C:\Program Files\Eclipse Adoptium\jdk-17.0.3.7-hotspot\bin;C:\WINDOWS\system32;C:\WINDOWS;C:\WINDOWS\System32\Wbem;C:\WINDOWS\System32\WindowsPowerShell\v1.0\;C:\WINDOWS\System32\OpenSSH\;C:\Users\sharadsi\AppData\Local\Microsoft\WindowsApps;;C:\WINDOWS\system32;
USERNAME=sharadsi
OS=Windows_NT
PROCESSOR_IDENTIFIER=Intel64 Family 6 Model 154 Stepping 4, GenuineIntel



---------------  S Y S T E M  ---------------

OS:
 Windows 11 , 64 bit Build 22621 (10.0.22621.2506)
OS uptime: 11 days 2:01 hours

CPU: total 12 (initial active 12) (6 cores per cpu, 2 threads per core) family 6 model 154 stepping 4 microcode 0x42c, cx8, cmov, fxsr, ht, mmx, 3dnowpref, sse, sse2, sse3, ssse3, sse4.1, sse4.2, popcnt, lzcnt, tsc, tscinvbit, avx, avx2, aes, erms, clmul, bmi1, bmi2, adx, sha, fma, vzeroupper, clflush, clflushopt, clwb

Memory: 4k page, system-wide physical 16014M (2946M free)
TotalPageFile size 65166M (AvailPageFile size 86M)
current process WorkingSet (physical memory assigned to process): 12M, peak: 12M
current process commit charge ("private bytes"): 64M, peak: 316M

vm_info: Java HotSpot(TM) 64-Bit Server VM (17.0.9+11-LTS-201) for windows-amd64 JRE (17.0.9+11-LTS-201), built on Oct 10 2023 23:16:06 by "mach5one" with MS VC++ 17.1 (VS2022)

END.
