#
# There is insufficient memory for the Java Runtime Environment to continue.
# Native memory allocation (mmap) failed to map 264241152 bytes for G1 virtual space
# Possible reasons:
#   The system is out of physical RAM or swap space
#   The process is running with CompressedOops enabled, and the Java Heap may be blocking the growth of the native heap
# Possible solutions:
#   Reduce memory load on the system
#   Increase physical memory or swap space
#   Check if swap backing store is full
#   Decrease Java heap size (-Xmx/-Xms)
#   Decrease number of Java threads
#   Decrease Java thread stack sizes (-Xss)
#   Set larger code cache with -XX:ReservedCodeCacheSize=
#   JVM is running with Zero Based Compressed Oops mode in which the Java heap is
#     placed in the first 32GB address space. The Java Heap base address is the
#     maximum limit for the native heap growth. Please use -XX:HeapBaseMinAddress
#     to set the Java Heap base and to place the Java Heap above 32GB virtual address.
# This output file may be truncated or incomplete.
#
#  Out of Memory Error (os_windows.cpp:3552), pid=79016, tid=82112
#
# JRE version:  (17.0.9+11) (build )
# Java VM: Java HotSpot(TM) 64-Bit Server VM (17.0.9+11-LTS-201, mixed mode, sharing, tiered, compressed oops, compressed class ptrs, g1 gc, windows-amd64)
# No core dump will be written. Minidumps are not enabled by default on client versions of Windows
#

---------------  S U M M A R Y ------------

Command Line: -Dfile.encoding=UTF-8 -Dstdout.encoding=UTF-8 -Dstderr.encoding=UTF-8 -XX:+ShowCodeDetailsInExceptionMessages Sauce

Host: 12th Gen Intel(R) Core(TM) i5-1245U, 12 cores, 15G,  Windows 11 , 64 bit Build 22621 (10.0.22621.2506)
Time: Fri Jan 12 20:55:45 2024 India Standard Time elapsed time: 0.059135 seconds (0d 0h 0m 0s)

---------------  T H R E A D  ---------------

Current thread (0x0000029e93058e00):  JavaThread "Unknown thread" [_thread_in_vm, id=82112, stack(0x000000a013c00000,0x000000a013d00000)]

Stack: [0x000000a013c00000,0x000000a013d00000]
Native frames: (J=compiled Java code, j=interpreted, Vv=VM code, C=native code)
V  [jvm.dll+0x678a4a]
V  [jvm.dll+0x7d9cfd]
V  [jvm.dll+0x7db60e]
V  [jvm.dll+0x7dbc73]
V  [jvm.dll+0x245e1f]
V  [jvm.dll+0x6758f9]
V  [jvm.dll+0x66a2a2]
V  [jvm.dll+0x303686]
V  [jvm.dll+0x30ac06]
V  [jvm.dll+0x35a48e]
V  [jvm.dll+0x35a6bf]
V  [jvm.dll+0x2da678]
V  [jvm.dll+0x2db5e4]
V  [jvm.dll+0x7ab6b1]
V  [jvm.dll+0x368041]
V  [jvm.dll+0x78a749]
V  [jvm.dll+0x3ebd4f]
V  [jvm.dll+0x3ed7d1]
C  [jli.dll+0x5297]
C  [ucrtbase.dll+0x29363]
C  [KERNEL32.DLL+0x1257d]
C  [ntdll.dll+0x5aa58]


---------------  P R O C E S S  ---------------

Threads class SMR info:
_java_thread_list=0x00007ff890a389d8, length=0, elements={
}

Java Threads: ( => current thread )

Other Threads:
  0x0000029e930c3530 GCTaskThread "GC Thread#0" [stack: 0x000000a013d00000,0x000000a013e00000] [id=82656]
  0x0000029e930d3ec0 ConcurrentGCThread "G1 Main Marker" [stack: 0x000000a013e00000,0x000000a013f00000] [id=75976]
  0x0000029e930d5440 ConcurrentGCThread "G1 Conc#0" [stack: 0x000000a013f00000,0x000000a014000000] [id=81072]

[error occurred during error reporting (printing all threads), id 0xc0000005, EXCEPTION_ACCESS_VIOLATION (0xc0000005) at pc=0x00007ff89026b2d7]

VM state: not at safepoint (not fully initialized)

VM Mutex/Monitor currently owned by a thread:  ([mutex/lock_event])
[0x0000029e93054210] Heap_lock - owner thread: 0x0000029e93058e00

Heap address: 0x0000000705c00000, size: 4004 MB, Compressed Oops mode: Zero based, Oop shift amount: 3

CDS archive(s) mapped at: [0x0000000000000000-0x0000000000000000-0x0000000000000000), size 0, SharedBaseAddress: 0x0000000800000000, ArchiveRelocationMode: 1.
Narrow klass base: 0x0000000000000000, Narrow klass shift: 0, Narrow klass range: 0x0

GC Precious Log:
<Empty>

Heap:
 garbage-first heap   total 0K, used 0K [0x0000000705c00000, 0x0000000800000000)
  region size 2048K, 0 young (0K), 0 survivors (0K)

[error occurred during error reporting (printing heap information), id 0xc0000005, EXCEPTION_ACCESS_VIOLATION (0xc0000005) at pc=0x00007ff890652229]

GC Heap History (0 events):
No events

Deoptimization events (0 events):
No events

Classes unloaded (0 events):
No events

Classes redefined (0 events):
No events

Internal exceptions (0 events):
No events

VM Operations (0 events):
No events

Events (1 events):
Event: 0.049 Loaded shared library C:\Program Files\Java\jdk-17\bin\java.dll


Dynamic libraries:
0x00007ff7864d0000 - 0x00007ff7864e0000 	C:\Program Files\Java\jdk-17\bin\javaw.exe
0x00007ff95d090000 - 0x00007ff95d2a7000 	C:\WINDOWS\SYSTEM32\ntdll.dll
0x00007ff95ae60000 - 0x00007ff95af24000 	C:\WINDOWS\System32\KERNEL32.DLL
0x00007ff95a8a0000 - 0x00007ff95ac46000 	C:\WINDOWS\System32\KERNELBASE.dll
0x00007ff955c50000 - 0x00007ff955ce7000 	C:\WINDOWS\SYSTEM32\apphelp.dll
0x00007ff95a470000 - 0x00007ff95a581000 	C:\WINDOWS\System32\ucrtbase.dll
0x00007ff938f10000 - 0x00007ff938f29000 	C:\Program Files\Java\jdk-17\bin\jli.dll
0x00007ff95bf30000 - 0x00007ff95bfe1000 	C:\WINDOWS\System32\ADVAPI32.dll
0x00007ff95cbf0000 - 0x00007ff95cc97000 	C:\WINDOWS\System32\msvcrt.dll
0x00007ff95c350000 - 0x00007ff95c3f5000 	C:\WINDOWS\System32\sechost.dll
0x00007ff95cef0000 - 0x00007ff95d007000 	C:\WINDOWS\System32\RPCRT4.dll
0x00007ff95afb0000 - 0x00007ff95b15e000 	C:\WINDOWS\System32\USER32.dll
0x00007ff9420b0000 - 0x00007ff9420cb000 	C:\Program Files\Java\jdk-17\bin\VCRUNTIME140.dll
0x00007ff95ac50000 - 0x00007ff95ac76000 	C:\WINDOWS\System32\win32u.dll
0x00007ff95b1b0000 - 0x00007ff95b1d9000 	C:\WINDOWS\System32\GDI32.dll
0x00007ff95a590000 - 0x00007ff95a6a8000 	C:\WINDOWS\System32\gdi32full.dll
0x00007ff93fdf0000 - 0x00007ff940083000 	C:\WINDOWS\WinSxS\amd64_microsoft.windows.common-controls_6595b64144ccf1df_6.0.22621.2506_none_270c5ae97388e100\COMCTL32.dll
0x00007ff95ac80000 - 0x00007ff95ad1a000 	C:\WINDOWS\System32\msvcp_win.dll
0x00007ff951a80000 - 0x00007ff951a8a000 	C:\WINDOWS\SYSTEM32\VERSION.dll
0x00007ff95d010000 - 0x00007ff95d041000 	C:\WINDOWS\System32\IMM32.DLL
0x0000029e91760000 - 0x0000029e91774000 	C:\WINDOWS\System32\umppc17213.dll
0x00007ff95a1a0000 - 0x00007ff95a2b0000 	C:\Program Files\Avecto\Privilege Guard Client\PGHook.dll
0x00007ff942880000 - 0x00007ff94288c000 	C:\Program Files\Java\jdk-17\bin\vcruntime140_1.dll
0x00007ff915cf0000 - 0x00007ff915d7e000 	C:\Program Files\Java\jdk-17\bin\msvcp140.dll
0x00007ff88ff80000 - 0x00007ff890b61000 	C:\Program Files\Java\jdk-17\bin\server\jvm.dll
0x00007ff95afa0000 - 0x00007ff95afa8000 	C:\WINDOWS\System32\PSAPI.DLL
0x00007ff953060000 - 0x00007ff953069000 	C:\WINDOWS\SYSTEM32\WSOCK32.dll
0x00007ff95ade0000 - 0x00007ff95ae51000 	C:\WINDOWS\System32\WS2_32.dll
0x00007ff9520e0000 - 0x00007ff952114000 	C:\WINDOWS\SYSTEM32\WINMM.dll
0x00007ff9591a0000 - 0x00007ff9591b8000 	C:\WINDOWS\SYSTEM32\kernel.appcore.dll
0x00007ff942130000 - 0x00007ff94213a000 	C:\Program Files\Java\jdk-17\bin\jimage.dll
0x00007ff957820000 - 0x00007ff957a53000 	C:\WINDOWS\SYSTEM32\DBGHELP.DLL
0x00007ff95c550000 - 0x00007ff95c8d9000 	C:\WINDOWS\System32\combase.dll
0x00007ff95c1c0000 - 0x00007ff95c297000 	C:\WINDOWS\System32\OLEAUT32.dll
0x00007ff9498c0000 - 0x00007ff9498f2000 	C:\WINDOWS\SYSTEM32\dbgcore.DLL
0x00007ff95a820000 - 0x00007ff95a89a000 	C:\WINDOWS\System32\bcryptPrimitives.dll
0x00007ff935ce0000 - 0x00007ff935d05000 	C:\Program Files\Java\jdk-17\bin\java.dll

dbghelp: loaded successfully - version: 4.0.5 - missing functions: none
symbol engine: initialized successfully - sym options: 0x614 - pdb path: .;C:\Program Files\Java\jdk-17\bin;C:\WINDOWS\SYSTEM32;C:\WINDOWS\WinSxS\amd64_microsoft.windows.common-controls_6595b64144ccf1df_6.0.22621.2506_none_270c5ae97388e100;C:\Program Files\Avecto\Privilege Guard Client;C:\Program Files\Java\jdk-17\bin\server

VM Arguments:
jvm_args: -Dfile.encoding=UTF-8 -Dstdout.encoding=UTF-8 -Dstderr.encoding=UTF-8 -XX:+ShowCodeDetailsInExceptionMessages 
java_command: Sauce
java_class_path (initial): C:\Users\sharadsi\eclipse-workspace\Krishna\target\classes;C:\Users\sharadsi\.m2\repository\org\seleniumhq\selenium\selenium-java\4.16.1\selenium-java-4.16.1.jar;C:\Users\sharadsi\.m2\repository\org\seleniumhq\selenium\selenium-api\4.16.1\selenium-api-4.16.1.jar;C:\Users\sharadsi\.m2\repository\org\seleniumhq\selenium\selenium-chrome-driver\4.16.1\selenium-chrome-driver-4.16.1.jar;C:\Users\sharadsi\.m2\repository\com\google\auto\service\auto-service-annotations\1.1.1\auto-service-annotations-1.1.1.jar;C:\Users\sharadsi\.m2\repository\org\seleniumhq\selenium\selenium-chromium-driver\4.16.1\selenium-chromium-driver-4.16.1.jar;C:\Users\sharadsi\.m2\repository\org\seleniumhq\selenium\selenium-json\4.16.1\selenium-json-4.16.1.jar;C:\Users\sharadsi\.m2\repository\org\seleniumhq\selenium\selenium-manager\4.16.1\selenium-manager-4.16.1.jar;C:\Users\sharadsi\.m2\repository\org\seleniumhq\selenium\selenium-devtools-v118\4.16.1\selenium-devtools-v118-4.16.1.jar;C:\Users\sharadsi\.m2\repository\org\seleniumhq\selenium\selenium-devtools-v119\4.16.1\selenium-devtools-v119-4.16.1.jar;C:\Users\sharadsi\.m2\repository\org\seleniumhq\selenium\selenium-devtools-v120\4.16.1\selenium-devtools-v120-4.16.1.jar;C:\Users\sharadsi\.m2\repository\org\seleniumhq\selenium\selenium-devtools-v85\4.16.1\selenium-devtools-v85-4.16.1.jar;C:\Users\sharadsi\.m2\repository\org\seleniumhq\selenium\selenium-edge-driver\4.16.1\selenium-edge-driver-4.16.1.jar;C:\Users\sharadsi\.m2\repository\org\seleniumhq\selenium\selenium-firefox-driver\4.16.1\selenium-firefox-driver-4.16.1.jar;C:\Users\sharadsi\.m2\repository\org\seleniumhq\selenium\selenium-http\4.16.1\selenium-http-4.16.1.jar;C:\Users\sharadsi\.m2\repository\dev\failsafe\failsafe\3.3.2\failsafe-3.3.2.jar;C:\Users\sharadsi\.m2\repository\org\seleniumhq\selenium\selenium-ie-driver\4.16.1\selenium-ie-driver-4.16.1.jar;C:\Users\sharadsi\.m2\repository\org\seleniumhq\selenium\selenium-remote-driver\4.16.1\selenium-remote-driver
Launcher Type: SUN_STANDARD

[Global flags]
     intx CICompilerCount                          = 4                                         {product} {ergonomic}
     uint ConcGCThreads                            = 3                                         {product} {ergonomic}
     uint G1ConcRefinementThreads                  = 10                                        {product} {ergonomic}
   size_t G1HeapRegionSize                         = 2097152                                   {product} {ergonomic}
    uintx GCDrainStackTargetSize                   = 64                                        {product} {ergonomic}
   size_t InitialHeapSize                          = 264241152                                 {product} {ergonomic}
   size_t MarkStackSize                            = 4194304                                   {product} {ergonomic}
   size_t MaxHeapSize                              = 4198498304                                {product} {ergonomic}
   size_t MinHeapDeltaBytes                        = 2097152                                   {product} {ergonomic}
   size_t MinHeapSize                              = 8388608                                   {product} {ergonomic}
    uintx NonNMethodCodeHeapSize                   = 5839372                                {pd product} {ergonomic}
    uintx NonProfiledCodeHeapSize                  = 122909434                              {pd product} {ergonomic}
    uintx ProfiledCodeHeapSize                     = 122909434                              {pd product} {ergonomic}
    uintx ReservedCodeCacheSize                    = 251658240                              {pd product} {ergonomic}
     bool SegmentedCodeCache                       = true                                      {product} {ergonomic}
     bool ShowCodeDetailsInExceptionMessages       = true                                   {manageable} {command line}
   size_t SoftMaxHeapSize                          = 4198498304                             {manageable} {ergonomic}
     bool UseCompressedClassPointers               = true                           {product lp64_product} {ergonomic}
     bool UseCompressedOops                        = true                           {product lp64_product} {ergonomic}
     bool UseG1GC                                  = true                                      {product} {ergonomic}
     bool UseLargePagesIndividualAllocation        = false                                  {pd product} {ergonomic}

Logging:
Log output configuration:
 #0: stdout all=warning uptime,level,tags
 #1: stderr all=off uptime,level,tags

Environment Variables:
PATH=C:/Program Files/Java/jdk-17/bin/server;C:/Program Files/Java/jdk-17/bin;C:/Users/sharadsi/AppData/Local/Temp/eoi3047.tmp//plugins/org.eclipse.justj.openjdk.hotspot.jre.minimal.stripped.win32.x86_64_17.0.9.v20231028-0858/jre/bin/server;C:/Users/sharadsi/AppData/Local/Temp/eoi3047.tmp//plugins/org.eclipse.justj.openjdk.hotspot.jre.minimal.stripped.win32.x86_64_17.0.9.v20231028-0858/jre/bin;C:\Program Files\Google\Chrome\Application;C:\Program Files\Eclipse Adoptium\jdk-17.0.3.7-hotspot\bin;C:\WINDOWS\system32;C:\WINDOWS;C:\WINDOWS\System32\Wbem;C:\WINDOWS\System32\WindowsPowerShell\v1.0\;C:\WINDOWS\System32\OpenSSH\;C:\Users\sharadsi\AppData\Local\Microsoft\WindowsApps;;C:\Users\sharadsi\Downloads;;C:\Users\sharadsi\Downloads;
USERNAME=sharadsi
OS=Windows_NT
PROCESSOR_IDENTIFIER=Intel64 Family 6 Model 154 Stepping 4, GenuineIntel



---------------  S Y S T E M  ---------------

OS:
 Windows 11 , 64 bit Build 22621 (10.0.22621.2506)
OS uptime: 16 days 8:25 hours

CPU: total 12 (initial active 12) (6 cores per cpu, 2 threads per core) family 6 model 154 stepping 4 microcode 0x42c, cx8, cmov, fxsr, ht, mmx, 3dnowpref, sse, sse2, sse3, ssse3, sse4.1, sse4.2, popcnt, lzcnt, tsc, tscinvbit, avx, avx2, aes, erms, clmul, bmi1, bmi2, adx, sha, fma, vzeroupper, clflush, clflushopt, clwb

Memory: 4k page, system-wide physical 16014M (1048M free)
TotalPageFile size 65166M (AvailPageFile size 88M)
current process WorkingSet (physical memory assigned to process): 13M, peak: 13M
current process commit charge ("private bytes"): 64M, peak: 316M

vm_info: Java HotSpot(TM) 64-Bit Server VM (17.0.9+11-LTS-201) for windows-amd64 JRE (17.0.9+11-LTS-201), built on Oct 10 2023 23:16:06 by "mach5one" with MS VC++ 17.1 (VS2022)

END.
